Flutter crash report.
Please report a bug at https://github.com/flutter/flutter/issues.

## command

flutter --quiet assemble --no-version-check --depfile C:\Users\LENOVO\Desktop\flutter projects\Glovo delivery\build\app\intermediates\flutter\debug/flutter_build.d --output C:\Users\LENOVO\Desktop\flutter projects\Glovo delivery\build\app\intermediates\flutter\debug -dTargetFile=C:\Users\LENOVO\Desktop\flutter projects\Glovo delivery\lib\main.dart -dTargetPlatform=android -dBuildMode=debug -dTrackWidgetCreation=true --DartDefines=RkxVVFRFUl9XRUJfQ0FOVkFTS0lUX1VSTD1odHRwczovL3d3dy5nc3RhdGljLmNvbS9mbHV0dGVyLWNhbnZhc2tpdC8yMzVkYjkxMWJhMjc5NzIyZjVlNjg1ZjM4YjBlZDMwZmE3ZTg1NzBhLw== -dFlavor= -dAndroidArchs=android-x64 -dMinSdkVersion=21 debug_android_application

## exception

PathAccessException: PathAccessException: Cannot delete file, path = 'C:\Users\LENOVO\Desktop\flutter projects\Glovo delivery\build\app\intermediates\flutter\debug\flutter_assets\assets/images/fast-food.png' (OS Error: Access is denied.
, errno = 5)

```
#0      _File.throwIfError (dart:io/file_impl.dart:675:7)
#1      _File._deleteSync (dart:io/file_impl.dart:329:5)
#2      FileSystemEntity.deleteSync (dart:io/file_system_entity.dart:407:7)
#3      ForwardingFileSystemEntity.deleteSync (package:file/src/forwarding/forwarding_file_system_entity.dart:70:16)
#4      ForwardingFileSystemEntity.deleteSync (package:file/src/forwarding/forwarding_file_system_entity.dart:70:16)
#5      ErrorHandlingFileSystem.deleteIfExists (package:flutter_tools/src/base/error_handling_io.dart:84:14)
#6      FlutterBuildSystem.trackSharedBuildDirectory (package:flutter_tools/src/build_system/build_system.dart:778:33)
#7      FlutterBuildSystem.build (package:flutter_tools/src/build_system/build_system.dart:666:5)
<asynchronous suspension>
#8      AssembleCommand.runCommand (package:flutter_tools/src/commands/assemble.dart:322:32)
<asynchronous suspension>
#9      FlutterCommand.run.<anonymous closure> (package:flutter_tools/src/runner/flutter_command.dart:1394:27)
<asynchronous suspension>
#10     AppContext.run.<anonymous closure> (package:flutter_tools/src/base/context.dart:153:19)
<asynchronous suspension>
#11     CommandRunner.runCommand (package:args/command_runner.dart:212:13)
<asynchronous suspension>
#12     FlutterCommandRunner.runCommand.<anonymous closure> (package:flutter_tools/src/runner/flutter_command_runner.dart:372:9)
<asynchronous suspension>
#13     AppContext.run.<anonymous closure> (package:flutter_tools/src/base/context.dart:153:19)
<asynchronous suspension>
#14     FlutterCommandRunner.runCommand (package:flutter_tools/src/runner/flutter_command_runner.dart:308:5)
<asynchronous suspension>
#15     run.<anonymous closure>.<anonymous closure> (package:flutter_tools/runner.dart:130:9)
<asynchronous suspension>
#16     AppContext.run.<anonymous closure> (package:flutter_tools/src/base/context.dart:153:19)
<asynchronous suspension>
#17     main (package:flutter_tools/executable.dart:93:3)
<asynchronous suspension>
```

## flutter doctor

```
[✓] Flutter (Channel stable, 3.22.3, on Microsoft Windows [Version 10.0.22631.4037], locale en-GB)
    • Flutter version 3.22.3 on channel stable at C:\src\flutter
    • Upstream repository https://github.com/flutter/flutter.git
    • Framework revision b0850beeb2 (8 weeks ago), 2024-07-16 21:43:41 -0700
    • Engine revision 235db911ba
    • Dart version 3.4.4
    • DevTools version 2.34.3

[✓] Windows Version (Installed version of Windows is version 10 or higher)

[!] Android toolchain - develop for Android devices (Android SDK version 33.0.2)
    • Android SDK at C:\Users\LENOVO\AppData\Local\Android\Sdk
    ✗ cmdline-tools component is missing
      Run `path/to/sdkmanager --install "cmdline-tools;latest"`
      See https://developer.android.com/studio/command-line for more details.
    ✗ Android license status unknown.
      Run `flutter doctor --android-licenses` to accept the SDK licenses.
      See https://flutter.dev/docs/get-started/install/windows#android-setup for more details.

[✓] Chrome - develop for the web
    • Chrome at C:\Program Files\Google\Chrome\Application\chrome.exe

[!] Visual Studio - develop Windows apps (Visual Studio Community 2022 17.7.5)
    • Visual Studio at C:\Program Files\Microsoft Visual Studio\2022\Community
    • Visual Studio Community 2022 version 17.7.34202.233
    • Windows 10 SDK version 10.0.20348.0
    ✗ Visual Studio is missing necessary components. Please re-run the Visual Studio installer for the "Desktop development with C++" workload, and include these components:
        MSVC v142 - VS 2019 C++ x64/x86 build tools
         - If there are multiple build tool versions available, install the latest
        C++ CMake tools for Windows
        Windows 10 SDK

[✓] Android Studio (version 2022.3)
    • Android Studio at C:\Program Files\Android\Android Studio1
    • Flutter plugin can be installed from:
      🔨 https://plugins.jetbrains.com/plugin/9212-flutter
    • Dart plugin can be installed from:
      🔨 https://plugins.jetbrains.com/plugin/6351-dart
    • Java version OpenJDK Runtime Environment (build 17.0.6+0-b2043.56-10027231)

[✓] VS Code (version 1.85.2)
    • VS Code at C:\Users\LENOVO\AppData\Local\Programs\Microsoft VS Code
    • Flutter extension version 3.96.0

[✓] Connected device (4 available)
    • sdk gphone64 x86 64 (mobile) • emulator-5554 • android-x64    • Android 13 (API 33) (emulator)
    • Windows (desktop)            • windows       • windows-x64    • Microsoft Windows [Version 10.0.22631.4037]
    • Chrome (web)                 • chrome        • web-javascript • Google Chrome 128.0.6613.120
    • Edge (web)                   • edge          • web-javascript • Microsoft Edge 128.0.2739.63

[✓] Network resources
    • All expected network resources are available.

! Doctor found issues in 2 categories.
```
